Started GET "/" for 127.0.0.1 at 2022-12-06 11:13:21 +0300
Started GET "/num_finder/input" for 127.0.0.1 at 2022-12-06 11:13:21 +0300
Processing by NumFinderController#input as HTML
  Rendering layout layouts/application.html.erb
  Rendering num_finder/input.html.erb within layouts/application
  Rendered num_finder/input.html.erb within layouts/application (Duration: 3.2ms | Allocations: 848)
  Rendered layout layouts/application.html.erb (Duration: 470.2ms | Allocations: 88627)
Completed 200 OK in 485ms (Views: 475.4ms | ActiveRecord: 0.0ms | Allocations: 92830)


Started GET "/num_finder/output?ch=8&commit=Convert" for 127.0.0.1 at 2022-12-06 11:13:25 +0300
Processing by NumFinderController#output as HTML
  Parameters: {"ch"=>"8", "commit"=>"Convert"}
  Rendering layout layouts/application.html.erb
  Rendering num_finder/output.html.erb within layouts/application
  Rendered num_finder/output.html.erb within layouts/application (Duration: 2.0ms | Allocations: 296)
  Rendered layout layouts/application.html.erb (Duration: 12.0ms | Allocations: 2657)
Completed 200 OK in 16ms (Views: 13.7ms | ActiveRecord: 0.0ms | Allocations: 3062)


Started GET "/" for 127.0.0.1 at 2022-12-06 11:46:54 +0300
Started GET "/num_finder/input" for 127.0.0.1 at 2022-12-06 11:46:54 +0300
Processing by NumFinderController#input as HTML
  Rendering layout layouts/application.html.erb
  Rendering num_finder/input.html.erb within layouts/application
  Rendered num_finder/input.html.erb within layouts/application (Duration: 0.5ms | Allocations: 227)
  Rendered layout layouts/application.html.erb (Duration: 7.0ms | Allocations: 2578)
Completed 200 OK in 9ms (Views: 8.0ms | Allocations: 2832)


Started GET "/num_finder/output?ch=8&commit=Convert" for 127.0.0.1 at 2022-12-06 11:46:57 +0300
Processing by NumFinderController#output as HTML
  Parameters: {"ch"=>"8", "commit"=>"Convert"}
  Rendering layout layouts/application.html.erb
  Rendering num_finder/output.html.erb within layouts/application
  Rendered num_finder/output.html.erb within layouts/application (Duration: 0.5ms | Allocations: 51)
  Rendered layout layouts/application.html.erb (Duration: 11.5ms | Allocations: 2408)
Completed 200 OK in 14ms (Views: 13.0ms | Allocations: 2678)


Started GET "/num_finder/input" for 127.0.0.1 at 2022-12-06 11:46:58 +0300
Processing by NumFinderController#input as HTML
  Rendering layout layouts/application.html.erb
  Rendering num_finder/input.html.erb within layouts/application
  Rendered num_finder/input.html.erb within layouts/application (Duration: 0.7ms | Allocations: 227)
  Rendered layout layouts/application.html.erb (Duration: 6.8ms | Allocations: 2584)
Completed 200 OK in 8ms (Views: 7.7ms | Allocations: 2840)


Started GET "/num_finder/output?ch=11&commit=Convert" for 127.0.0.1 at 2022-12-06 11:47:02 +0300
Processing by NumFinderController#output as HTML
  Parameters: {"ch"=>"11", "commit"=>"Convert"}
  Rendering layout layouts/application.html.erb
  Rendering num_finder/output.html.erb within layouts/application
  Rendered num_finder/output.html.erb within layouts/application (Duration: 0.5ms | Allocations: 51)
  Rendered layout layouts/application.html.erb (Duration: 13.7ms | Allocations: 2396)
Completed 200 OK in 16ms (Views: 15.0ms | Allocations: 2666)


Started GET "/num_finder/input" for 127.0.0.1 at 2022-12-06 11:54:07 +0300
Processing by NumFinderController#input as HTML
  Rendering layout layouts/application.html.erb
  Rendering num_finder/input.html.erb within layouts/application
  Rendered num_finder/input.html.erb within layouts/application (Duration: 0.5ms | Allocations: 288)
  Rendered layout layouts/application.html.erb (Duration: 17.1ms | Allocations: 14279)
Completed 200 OK in 19ms (Views: 18.4ms | Allocations: 14880)


Started GET "/num_finder/output?ch=99&commit=Convert" for 127.0.0.1 at 2022-12-06 11:54:11 +0300
Processing by NumFinderController#output as HTML
  Parameters: {"ch"=>"99", "commit"=>"Convert"}
  Rendering layout layouts/application.html.erb
  Rendering num_finder/output.html.erb within layouts/application
  Rendered num_finder/output.html.erb within layouts/application (Duration: 0.3ms | Allocations: 85)
  Rendered layout layouts/application.html.erb (Duration: 4.3ms | Allocations: 2415)
Completed 200 OK in 5ms (Views: 4.8ms | Allocations: 2703)


Started GET "/num_finder/output?ch=8&commit=Convert" for 127.0.0.1 at 2022-12-06 12:57:11 +0300
Processing by NumFinderController#output as HTML
  Parameters: {"ch"=>"8", "commit"=>"Convert"}
  Rendering layout layouts/application.html.erb
  Rendering num_finder/output.html.erb within layouts/application
  Rendered num_finder/output.html.erb within layouts/application (Duration: 0.8ms | Allocations: 51)
  Rendered layout layouts/application.html.erb (Duration: 16.9ms | Allocations: 2390)
Completed 200 OK in 20ms (Views: 18.8ms | Allocations: 2660)


Started GET "/num_finder/input" for 127.0.0.1 at 2022-12-06 12:57:12 +0300
Processing by NumFinderController#input as HTML
  Rendering layout layouts/application.html.erb
  Rendering num_finder/input.html.erb within layouts/application
  Rendered num_finder/input.html.erb within layouts/application (Duration: 0.7ms | Allocations: 227)
  Rendered layout layouts/application.html.erb (Duration: 6.8ms | Allocations: 2559)
Completed 200 OK in 9ms (Views: 7.9ms | Allocations: 2811)


Started GET "/num_finder/output?ch=3&commit=Convert" for 127.0.0.1 at 2022-12-06 12:57:16 +0300
Processing by NumFinderController#output as HTML
  Parameters: {"ch"=>"3", "commit"=>"Convert"}
  Rendering layout layouts/application.html.erb
  Rendering num_finder/output.html.erb within layouts/application
  Rendered num_finder/output.html.erb within layouts/application (Duration: 0.5ms | Allocations: 51)
  Rendered layout layouts/application.html.erb (Duration: 10.1ms | Allocations: 2394)
Completed 200 OK in 13ms (Views: 11.4ms | Allocations: 2670)


Started GET "/num_finder/input" for 127.0.0.1 at 2022-12-06 12:57:40 +0300
Processing by NumFinderController#input as HTML
  Rendering layout layouts/application.html.erb
  Rendering num_finder/input.html.erb within layouts/application
  Rendered num_finder/input.html.erb within layouts/application (Duration: 0.6ms | Allocations: 227)
  Rendered layout layouts/application.html.erb (Duration: 9.8ms | Allocations: 2565)
Completed 200 OK in 12ms (Views: 11.4ms | Allocations: 2817)


Started GET "/num_finder/output?ch=9&commit=Convert" for 127.0.0.1 at 2022-12-06 12:57:44 +0300
Processing by NumFinderController#output as HTML
  Parameters: {"ch"=>"9", "commit"=>"Convert"}
  Rendering layout layouts/application.html.erb
  Rendering num_finder/output.html.erb within layouts/application
  Rendered num_finder/output.html.erb within layouts/application (Duration: 0.5ms | Allocations: 51)
  Rendered layout layouts/application.html.erb (Duration: 11.4ms | Allocations: 2384)
Completed 200 OK in 14ms (Views: 12.7ms | Allocations: 2654)


Started GET "/num_finder/input" for 127.0.0.1 at 2022-12-06 12:57:47 +0300
Processing by NumFinderController#input as HTML
  Rendering layout layouts/application.html.erb
  Rendering num_finder/input.html.erb within layouts/application
  Rendered num_finder/input.html.erb within layouts/application (Duration: 0.6ms | Allocations: 227)
  Rendered layout layouts/application.html.erb (Duration: 7.4ms | Allocations: 2562)
Completed 200 OK in 9ms (Views: 8.7ms | Allocations: 2814)


Started GET "/num_finder/output?ch=8&commit=Convert" for 127.0.0.1 at 2022-12-06 12:57:50 +0300
Processing by NumFinderController#output as HTML
  Parameters: {"ch"=>"8", "commit"=>"Convert"}
  Rendering layout layouts/application.html.erb
  Rendering num_finder/output.html.erb within layouts/application
  Rendered num_finder/output.html.erb within layouts/application (Duration: 0.6ms | Allocations: 51)
  Rendered layout layouts/application.html.erb (Duration: 11.2ms | Allocations: 2390)
Completed 200 OK in 13ms (Views: 12.6ms | Allocations: 2660)


Started GET "/num_finder/input" for 127.0.0.1 at 2022-12-06 12:57:57 +0300
Processing by NumFinderController#input as HTML
  Rendering layout layouts/application.html.erb
  Rendering num_finder/input.html.erb within layouts/application
  Rendered num_finder/input.html.erb within layouts/application (Duration: 0.5ms | Allocations: 227)
  Rendered layout layouts/application.html.erb (Duration: 7.1ms | Allocations: 2574)
Completed 200 OK in 9ms (Views: 7.8ms | Allocations: 2826)


Started GET "/num_finder/output?ch=23&commit=Convert" for 127.0.0.1 at 2022-12-06 12:58:51 +0300
Processing by NumFinderController#output as HTML
  Parameters: {"ch"=>"23", "commit"=>"Convert"}
  Rendering layout layouts/application.html.erb
  Rendering num_finder/output.html.erb within layouts/application
  Rendered num_finder/output.html.erb within layouts/application (Duration: 0.2ms | Allocations: 51)
  Rendered layout layouts/application.html.erb (Duration: 4.2ms | Allocations: 2396)
Completed 200 OK in 5ms (Views: 4.8ms | Allocations: 2666)


Started GET "/num_finder/input" for 127.0.0.1 at 2022-12-06 12:58:55 +0300
Processing by NumFinderController#input as HTML
  Rendering layout layouts/application.html.erb
  Rendering num_finder/input.html.erb within layouts/application
  Rendered num_finder/input.html.erb within layouts/application (Duration: 0.5ms | Allocations: 227)
  Rendered layout layouts/application.html.erb (Duration: 9.3ms | Allocations: 2581)
Completed 200 OK in 11ms (Views: 10.4ms | Allocations: 2835)


Started GET "/num_finder/output?ch=23&commit=Convert" for 127.0.0.1 at 2022-12-06 12:59:17 +0300
Processing by NumFinderController#output as HTML
  Parameters: {"ch"=>"23", "commit"=>"Convert"}
  Rendering layout layouts/application.html.erb
  Rendering num_finder/output.html.erb within layouts/application
  Rendered num_finder/output.html.erb within layouts/application (Duration: 0.2ms | Allocations: 51)
  Rendered layout layouts/application.html.erb (Duration: 5.6ms | Allocations: 2393)
Completed 200 OK in 7ms (Views: 6.3ms | Allocations: 2666)


Started GET "/num_finder/input" for 127.0.0.1 at 2022-12-06 13:12:59 +0300
Processing by NumFinderController#input as HTML
  Rendering layout layouts/application.html.erb
  Rendering num_finder/input.html.erb within layouts/application
  Rendered num_finder/input.html.erb within layouts/application (Duration: 1.1ms | Allocations: 483)
  Rendered layout layouts/application.html.erb (Duration: 19.2ms | Allocations: 14716)
Completed 200 OK in 22ms (Views: 20.7ms | Allocations: 15627)


Started GET "/num_finder/output?ch=88&commit=Convert" for 127.0.0.1 at 2022-12-06 13:13:01 +0300
Processing by NumFinderController#output as HTML
  Parameters: {"ch"=>"88", "commit"=>"Convert"}
  Rendering layout layouts/application.html.erb
  Rendering num_finder/output.html.erb within layouts/application
  Rendered num_finder/output.html.erb within layouts/application (Duration: 3.6ms | Allocations: 655)
  Rendered layout layouts/application.html.erb (Duration: 13.2ms | Allocations: 2833)
Completed 200 OK in 16ms (Views: 14.7ms | Allocations: 3178)


Started POST "/num_finder/input" for 127.0.0.1 at 2022-12-06 13:13:03 +0300
  
ActionController::RoutingError (No route matches [POST] "/num_finder/input"):
  
Started GET "/num_finder/output?ch=88&commit=Convert" for 127.0.0.1 at 2022-12-06 13:13:03 +0300
Processing by NumFinderController#output as HTML
  Parameters: {"ch"=>"88", "commit"=>"Convert"}
  Rendering layout layouts/application.html.erb
  Rendering num_finder/output.html.erb within layouts/application
  Rendered num_finder/output.html.erb within layouts/application (Duration: 1.3ms | Allocations: 480)
  Rendered layout layouts/application.html.erb (Duration: 8.8ms | Allocations: 2758)
Completed 200 OK in 11ms (Views: 10.5ms | Allocations: 3065)


Started POST "/num_finder/input" for 127.0.0.1 at 2022-12-06 13:13:03 +0300
  
ActionController::RoutingError (No route matches [POST] "/num_finder/input"):
  
Started POST "/num_finder/input" for 127.0.0.1 at 2022-12-06 13:13:51 +0300
  
ActionController::RoutingError (No route matches [POST] "/num_finder/input"):
  
Started GET "/num_finder/output?ch=88&commit=Convert" for 127.0.0.1 at 2022-12-06 13:13:51 +0300
Processing by NumFinderController#output as HTML
  Parameters: {"ch"=>"88", "commit"=>"Convert"}
  Rendering layout layouts/application.html.erb
  Rendering num_finder/output.html.erb within layouts/application
  Rendered num_finder/output.html.erb within layouts/application (Duration: 2.4ms | Allocations: 743)
  Rendered layout layouts/application.html.erb (Duration: 10.1ms | Allocations: 3289)
Completed 200 OK in 14ms (Views: 12.4ms | Allocations: 4030)


Started GET "/num_finder/input" for 127.0.0.1 at 2022-12-06 13:13:52 +0300
Processing by NumFinderController#input as HTML
  Rendering layout layouts/application.html.erb
  Rendering num_finder/input.html.erb within layouts/application
  Rendered num_finder/input.html.erb within layouts/application (Duration: 1.1ms | Allocations: 420)
  Rendered layout layouts/application.html.erb (Duration: 6.4ms | Allocations: 2765)
Completed 200 OK in 8ms (Views: 7.7ms | Allocations: 3088)


Started GET "/num_finder/output?ch=88&commit=Convert" for 127.0.0.1 at 2022-12-06 13:13:55 +0300
Processing by NumFinderController#output as HTML
  Parameters: {"ch"=>"88", "commit"=>"Convert"}
  Rendering layout layouts/application.html.erb
  Rendering num_finder/output.html.erb within layouts/application
  Rendered num_finder/output.html.erb within layouts/application (Duration: 2.1ms | Allocations: 373)
  Rendered layout layouts/application.html.erb (Duration: 12.6ms | Allocations: 2551)
Completed 200 OK in 15ms (Views: 14.0ms | Allocations: 2821)


Started POST "/num_finder/input" for 127.0.0.1 at 2022-12-06 13:13:56 +0300
  
ActionController::RoutingError (No route matches [POST] "/num_finder/input"):
  
Started GET "/num_finder/output?ch=88&commit=Convert" for 127.0.0.1 at 2022-12-06 13:13:56 +0300
Processing by NumFinderController#output as HTML
  Parameters: {"ch"=>"88", "commit"=>"Convert"}
  Rendering layout layouts/application.html.erb
  Rendering num_finder/output.html.erb within layouts/application
  Rendered num_finder/output.html.erb within layouts/application (Duration: 0.9ms | Allocations: 373)
  Rendered layout layouts/application.html.erb (Duration: 5.2ms | Allocations: 2557)
Completed 200 OK in 6ms (Views: 5.7ms | Allocations: 2829)


Started POST "/num_finder/input" for 127.0.0.1 at 2022-12-06 13:13:58 +0300
  
ActionController::RoutingError (No route matches [POST] "/num_finder/input"):
  
Started GET "/num_finder/output?ch=88&commit=Convert" for 127.0.0.1 at 2022-12-06 13:13:58 +0300
Processing by NumFinderController#output as HTML
  Parameters: {"ch"=>"88", "commit"=>"Convert"}
  Rendering layout layouts/application.html.erb
  Rendering num_finder/output.html.erb within layouts/application
  Rendered num_finder/output.html.erb within layouts/application (Duration: 1.7ms | Allocations: 373)
  Rendered layout layouts/application.html.erb (Duration: 8.4ms | Allocations: 2551)
Completed 200 OK in 10ms (Views: 9.1ms | Allocations: 2819)


Started GET "/num_finder/input" for 127.0.0.1 at 2022-12-06 13:14:15 +0300
Processing by NumFinderController#input as HTML
  Rendering layout layouts/application.html.erb
  Rendering num_finder/input.html.erb within layouts/application
  Rendered num_finder/input.html.erb within layouts/application (Duration: 1.1ms | Allocations: 480)
  Rendered layout layouts/application.html.erb (Duration: 10.2ms | Allocations: 3250)
Completed 200 OK in 14ms (Views: 13.5ms | Allocations: 4012)


Started GET "/num_finder/output?ch=22&commit=Convert" for 127.0.0.1 at 2022-12-06 13:14:18 +0300
Processing by NumFinderController#output as HTML
  Parameters: {"ch"=>"22", "commit"=>"Convert"}
  Rendering layout layouts/application.html.erb
  Rendering num_finder/output.html.erb within layouts/application
  Rendered num_finder/output.html.erb within layouts/application (Duration: 3.7ms | Allocations: 563)
  Rendered layout layouts/application.html.erb (Duration: 13.0ms | Allocations: 2741)
Completed 200 OK in 16ms (Views: 14.4ms | Allocations: 3082)


Started POST "/num_finder/input" for 127.0.0.1 at 2022-12-06 13:14:20 +0300
  
ActionController::RoutingError (No route matches [POST] "/num_finder/input"):
  
Started GET "/num_finder/output?ch=22&commit=Convert" for 127.0.0.1 at 2022-12-06 13:14:20 +0300
Processing by NumFinderController#output as HTML
  Parameters: {"ch"=>"22", "commit"=>"Convert"}
  Rendering layout layouts/application.html.erb
  Rendering num_finder/output.html.erb within layouts/application
  Rendered num_finder/output.html.erb within layouts/application (Duration: 1.1ms | Allocations: 345)
  Rendered layout layouts/application.html.erb (Duration: 4.8ms | Allocations: 2536)
Completed 200 OK in 6ms (Views: 5.5ms | Allocations: 2808)


Started POST "/num_finder/input" for 127.0.0.1 at 2022-12-06 13:14:21 +0300
  
ActionController::RoutingError (No route matches [POST] "/num_finder/input"):
  
Started GET "/num_finder/output?ch=22&commit=Convert" for 127.0.0.1 at 2022-12-06 13:14:21 +0300
Processing by NumFinderController#output as HTML
  Parameters: {"ch"=>"22", "commit"=>"Convert"}
  Rendering layout layouts/application.html.erb
  Rendering num_finder/output.html.erb within layouts/application
  Rendered num_finder/output.html.erb within layouts/application (Duration: 0.9ms | Allocations: 339)
  Rendered layout layouts/application.html.erb (Duration: 5.0ms | Allocations: 2523)
Completed 200 OK in 6ms (Views: 5.6ms | Allocations: 2795)


Started POST "/num_finder/input" for 127.0.0.1 at 2022-12-06 13:14:22 +0300
  
ActionController::RoutingError (No route matches [POST] "/num_finder/input"):
  
Started GET "/num_finder/output?ch=22&commit=Convert" for 127.0.0.1 at 2022-12-06 13:14:22 +0300
Processing by NumFinderController#output as HTML
  Parameters: {"ch"=>"22", "commit"=>"Convert"}
  Rendering layout layouts/application.html.erb
  Rendering num_finder/output.html.erb within layouts/application
  Rendered num_finder/output.html.erb within layouts/application (Duration: 1.7ms | Allocations: 345)
  Rendered layout layouts/application.html.erb (Duration: 5.6ms | Allocations: 2523)
Completed 200 OK in 7ms (Views: 6.3ms | Allocations: 2791)


Started POST "/num_finder/input" for 127.0.0.1 at 2022-12-06 13:14:22 +0300
  
ActionController::RoutingError (No route matches [POST] "/num_finder/input"):
  
Started POST "/num_finder/input" for 127.0.0.1 at 2022-12-06 13:14:48 +0300
  
ActionController::RoutingError (No route matches [POST] "/num_finder/input"):
  
Started GET "/num_finder/output?ch=22&commit=Convert" for 127.0.0.1 at 2022-12-06 13:14:48 +0300
Processing by NumFinderController#output as HTML
  Parameters: {"ch"=>"22", "commit"=>"Convert"}
  Rendering layout layouts/application.html.erb
  Rendering num_finder/output.html.erb within layouts/application
  Rendered num_finder/output.html.erb within layouts/application (Duration: 1.7ms | Allocations: 739)
  Rendered layout layouts/application.html.erb (Duration: 8.5ms | Allocations: 3284)
Completed 200 OK in 11ms (Views: 10.5ms | Allocations: 4025)


Started POST "/num_finder/input" for 127.0.0.1 at 2022-12-06 13:14:49 +0300
  
ActionController::RoutingError (No route matches [POST] "/num_finder/input"):
  
Started GET "/num_finder/output?ch=22&commit=Convert" for 127.0.0.1 at 2022-12-06 13:14:49 +0300
Processing by NumFinderController#output as HTML
  Parameters: {"ch"=>"22", "commit"=>"Convert"}
  Rendering layout layouts/application.html.erb
  Rendering num_finder/output.html.erb within layouts/application
  Rendered num_finder/output.html.erb within layouts/application (Duration: 0.9ms | Allocations: 373)
  Rendered layout layouts/application.html.erb (Duration: 5.9ms | Allocations: 2551)
Completed 200 OK in 8ms (Views: 6.8ms | Allocations: 2838)


Started POST "/num_finder/input" for 127.0.0.1 at 2022-12-06 13:14:50 +0300
  
ActionController::RoutingError (No route matches [POST] "/num_finder/input"):
  
Started GET "/num_finder/output?ch=22&commit=Convert" for 127.0.0.1 at 2022-12-06 13:14:50 +0300
Started POST "/num_finder/input" for 127.0.0.1 at 2022-12-06 13:14:50 +0300
Processing by NumFinderController#output as HTML
  Parameters: {"ch"=>"22", "commit"=>"Convert"}
  
ActionController::RoutingError (No route matches [POST] "/num_finder/input"):
  
  Rendering layout layouts/application.html.erb
  Rendering num_finder/output.html.erb within layouts/application
  Rendered num_finder/output.html.erb within layouts/application (Duration: 0.9ms | Allocations: 349)
  Rendered layout layouts/application.html.erb (Duration: 10.7ms | Allocations: 3998)
Completed 200 OK in 46ms (Views: 11.8ms | Allocations: 19008)


Started POST "/num_finder/input" for 127.0.0.1 at 2022-12-06 13:14:50 +0300
  
ActionController::RoutingError (No route matches [POST] "/num_finder/input"):
  
Started GET "/num_finder/input" for 127.0.0.1 at 2022-12-06 13:15:05 +0300
Processing by NumFinderController#input as HTML
  Rendering layout layouts/application.html.erb
  Rendering num_finder/input.html.erb within layouts/application
  Rendered num_finder/input.html.erb within layouts/application (Duration: 0.9ms | Allocations: 416)
  Rendered layout layouts/application.html.erb (Duration: 5.5ms | Allocations: 2782)
Completed 200 OK in 7ms (Views: 6.0ms | Allocations: 3089)


Started GET "/num_finder/output?ch=8&commit=Convert" for 127.0.0.1 at 2022-12-06 13:20:58 +0300
Processing by NumFinderController#output as HTML
  Parameters: {"ch"=>"8", "commit"=>"Convert"}
  Rendering layout layouts/application.html.erb
  Rendering num_finder/output.html.erb within layouts/application
  Rendered num_finder/output.html.erb within layouts/application (Duration: 5.2ms | Allocations: 748)
  Rendered layout layouts/application.html.erb (Duration: 14.5ms | Allocations: 3280)
Completed 200 OK in 19ms (Views: 17.2ms | Allocations: 4063)


Started GET "/num_finder/input" for 127.0.0.1 at 2022-12-06 13:20:59 +0300
Processing by NumFinderController#input as HTML
  Rendering layout layouts/application.html.erb
  Rendering num_finder/input.html.erb within layouts/application
  Rendered num_finder/input.html.erb within layouts/application (Duration: 1.1ms | Allocations: 420)
  Rendered layout layouts/application.html.erb (Duration: 7.4ms | Allocations: 2765)
Completed 200 OK in 9ms (Views: 8.1ms | Allocations: 3088)


Started GET "/num_finder/input" for 127.0.0.1 at 2022-12-06 13:22:13 +0300
Processing by NumFinderController#input as HTML
  Rendering layout layouts/application.html.erb
  Rendering num_finder/input.html.erb within layouts/application
  Rendered num_finder/input.html.erb within layouts/application (Duration: 1.0ms | Allocations: 481)
  Rendered layout layouts/application.html.erb (Duration: 8.8ms | Allocations: 3239)
Completed 200 OK in 11ms (Views: 10.4ms | Allocations: 4007)


Started GET "/num_finder/output?ch=111&commit=Convert" for 127.0.0.1 at 2022-12-06 13:22:15 +0300
Processing by NumFinderController#output as HTML
  Parameters: {"ch"=>"111", "commit"=>"Convert"}
  Rendering layout layouts/application.html.erb
  Rendering num_finder/output.html.erb within layouts/application
  Rendered num_finder/output.html.erb within layouts/application (Duration: 3.6ms | Allocations: 732)
  Rendered layout layouts/application.html.erb (Duration: 10.5ms | Allocations: 2910)
Completed 200 OK in 13ms (Views: 11.4ms | Allocations: 3251)


Started POST "/num_finder/input" for 127.0.0.1 at 2022-12-06 13:22:17 +0300
  
ActionController::RoutingError (No route matches [POST] "/num_finder/input"):
  
Started GET "/num_finder/output?ch=111&commit=Convert" for 127.0.0.1 at 2022-12-06 13:22:17 +0300
Processing by NumFinderController#output as HTML
  Parameters: {"ch"=>"111", "commit"=>"Convert"}
  Rendering layout layouts/application.html.erb
  Rendering num_finder/output.html.erb within layouts/application
  Rendered num_finder/output.html.erb within layouts/application (Duration: 2.2ms | Allocations: 518)
  Rendered layout layouts/application.html.erb (Duration: 8.3ms | Allocations: 2709)
Completed 200 OK in 10ms (Views: 9.6ms | Allocations: 2981)


Started POST "/num_finder/input" for 127.0.0.1 at 2022-12-06 13:22:19 +0300
  
ActionController::RoutingError (No route matches [POST] "/num_finder/input"):
  
Started GET "/num_finder/output?ch=111&commit=Convert" for 127.0.0.1 at 2022-12-06 13:22:19 +0300
Processing by NumFinderController#output as HTML
  Parameters: {"ch"=>"111", "commit"=>"Convert"}
  Rendering layout layouts/application.html.erb
  Rendering num_finder/output.html.erb within layouts/application
  Rendered num_finder/output.html.erb within layouts/application (Duration: 1.5ms | Allocations: 515)
  Rendered layout layouts/application.html.erb (Duration: 8.6ms | Allocations: 2706)
Completed 200 OK in 10ms (Views: 9.3ms | Allocations: 2979)


Started POST "/num_finder/input" for 127.0.0.1 at 2022-12-06 13:22:49 +0300
  
ActionController::RoutingError (No route matches [POST] "/num_finder/input"):
  
Started GET "/num_finder/output?ch=111&commit=Convert" for 127.0.0.1 at 2022-12-06 13:22:49 +0300
Processing by NumFinderController#output as HTML
  Parameters: {"ch"=>"111", "commit"=>"Convert"}
  Rendering layout layouts/application.html.erb
  Rendering num_finder/output.html.erb within layouts/application
  Rendered num_finder/output.html.erb within layouts/application (Duration: 2.9ms | Allocations: 719)
  Rendered layout layouts/application.html.erb (Duration: 10.8ms | Allocations: 3251)
Completed 200 OK in 14ms (Views: 12.7ms | Allocations: 3988)


Started GET "/num_finder/input" for 127.0.0.1 at 2022-12-06 13:22:50 +0300
Processing by NumFinderController#input as HTML
  Rendering layout layouts/application.html.erb
  Rendering num_finder/input.html.erb within layouts/application
  Rendered num_finder/input.html.erb within layouts/application (Duration: 2.0ms | Allocations: 421)
  Rendered layout layouts/application.html.erb (Duration: 10.3ms | Allocations: 2769)
Completed 200 OK in 12ms (Views: 11.2ms | Allocations: 3092)


Started GET "/num_finder/output?ch=88&commit=Convert" for 127.0.0.1 at 2022-12-06 13:28:06 +0300
Processing by NumFinderController#output as HTML
  Parameters: {"ch"=>"88", "commit"=>"Convert"}
  Rendering layout layouts/application.html.erb
  Rendering num_finder/output.html.erb within layouts/application
  Rendered num_finder/output.html.erb within layouts/application (Duration: 3.8ms | Allocations: 1223)
  Rendered layout layouts/application.html.erb (Duration: 4.5ms | Allocations: 1312)
Completed 500 Internal Server Error in 10ms (Allocations: 2092)


  
ActionView::SyntaxErrorInTemplate (Encountered a syntax error while rendering template: check <strong><em>you are now viewing file that is located in app/views</em></strong>
<table>
  <tr>
    <th>iteration</th>
    <th>value of the proceeded element</th>
  </tr>
  <tr>
    <td>entered number</td>
    <td><%=@ent_num %></td>
  </tr>
  <tr>
    <td>binary digit</td>
    <td><%=@bearb_num %></td>
  </tr>
  <tr>
    <td>reversed binary number</td>
    <td><%=@rev_bearb_num %></td>
  </tr>
  <tr>
    <td>reversed decimal number</td>
    <td><%=@result %></td>
  </tr>
</table>
<%= link_to "return to inputhtml" :"num_finder_input" %>
<%= button_to "getback", { action: "num_finder_input" } %>

):
1:    <strong><em>you are now viewing file that is located in app/views</em></strong>
2:    <table>
3:      <tr>
4:        <th>iteration</th>
5:        <th>value of the proceeded element</th>
6:      </tr>
7:      <tr>
8:        <td>entered number</td>
9:        <td><%=@ent_num %></td>
10:      </tr>
11:      <tr>
12:        <td>binary digit</td>
13:        <td><%=@bearb_num %></td>
14:      </tr>
15:      <tr>
16:        <td>reversed binary number</td>
17:        <td><%=@rev_bearb_num %></td>
18:      </tr>
19:      <tr>
20:        <td>reversed decimal number</td>
21:        <td><%=@result %></td>
22:      </tr>
23:    </table>
24:    <%= link_to "return to inputhtml" :"num_finder_input" %>
25:    <%= button_to "getback", { action: "num_finder_input" } %>
  
app/views/num_finder/output.html.erb:24: syntax error, unexpected ':', expecting ')'
app/views/num_finder/output.html.erb:24: syntax error, unexpected ':', expecting ')'
app/views/num_finder/output.html.erb:24: syntax error, unexpected ':', expecting ')'
app/views/num_finder/output.html.erb:24: syntax error, unexpected ':', expecting ')'
app/views/num_finder/output.html.erb:24: syntax error, unexpected ':', expecting ')'
app/views/num_finder/output.html.erb:24: syntax error, unexpected ':', expecting ')'
Started GET "/num_finder/input" for 127.0.0.1 at 2022-12-06 13:28:27 +0300
Processing by NumFinderController#input as HTML
  Rendering layout layouts/application.html.erb
  Rendering num_finder/input.html.erb within layouts/application
  Rendered num_finder/input.html.erb within layouts/application (Duration: 1.9ms | Allocations: 480)
  Rendered layout layouts/application.html.erb (Duration: 13.0ms | Allocations: 3245)
Completed 200 OK in 17ms (Views: 16.2ms | Allocations: 4025)


Started GET "/num_finder/output?ch=33&commit=Convert" for 127.0.0.1 at 2022-12-06 13:28:31 +0300
Processing by NumFinderController#output as HTML
  Parameters: {"ch"=>"33", "commit"=>"Convert"}
  Rendering layout layouts/application.html.erb
  Rendering num_finder/output.html.erb within layouts/application
  Rendered num_finder/output.html.erb within layouts/application (Duration: 2.3ms | Allocations: 1178)
  Rendered layout layouts/application.html.erb (Duration: 2.8ms | Allocations: 1258)
Completed 500 Internal Server Error in 5ms (Allocations: 1583)


  
ActionView::SyntaxErrorInTemplate (Encountered a syntax error while rendering template: check <strong><em>you are now viewing file that is located in app/views</em></strong>
<table>
  <tr>
    <th>iteration</th>
    <th>value of the proceeded element</th>
  </tr>
  <tr>
    <td>entered number</td>
    <td><%=@ent_num %></td>
  </tr>
  <tr>
    <td>binary digit</td>
    <td><%=@bearb_num %></td>
  </tr>
  <tr>
    <td>reversed binary number</td>
    <td><%=@rev_bearb_num %></td>
  </tr>
  <tr>
    <td>reversed decimal number</td>
    <td><%=@result %></td>
  </tr>
</table>
<%= link_to "return to inputhtml" :num_finder_input %>
<%= button_to "getback", { action: "num_finder_input" } %>

):
1:    <strong><em>you are now viewing file that is located in app/views</em></strong>
2:    <table>
3:      <tr>
4:        <th>iteration</th>
5:        <th>value of the proceeded element</th>
6:      </tr>
7:      <tr>
8:        <td>entered number</td>
9:        <td><%=@ent_num %></td>
10:      </tr>
11:      <tr>
12:        <td>binary digit</td>
13:        <td><%=@bearb_num %></td>
14:      </tr>
15:      <tr>
16:        <td>reversed binary number</td>
17:        <td><%=@rev_bearb_num %></td>
18:      </tr>
19:      <tr>
20:        <td>reversed decimal number</td>
21:        <td><%=@result %></td>
22:      </tr>
23:    </table>
24:    <%= link_to "return to inputhtml" :num_finder_input %>
25:    <%= button_to "getback", { action: "num_finder_input" } %>
  
app/views/num_finder/output.html.erb:24: syntax error, unexpected ':', expecting ')'
app/views/num_finder/output.html.erb:24: syntax error, unexpected ':', expecting ')'
app/views/num_finder/output.html.erb:24: syntax error, unexpected ':', expecting ')'
app/views/num_finder/output.html.erb:24: syntax error, unexpected ':', expecting ')'
app/views/num_finder/output.html.erb:24: syntax error, unexpected ':', expecting ')'
app/views/num_finder/output.html.erb:24: syntax error, unexpected ':', expecting ')'
Started GET "/num_finder/input" for 127.0.0.1 at 2022-12-06 13:29:28 +0300
Processing by NumFinderController#input as HTML
  Rendering layout layouts/application.html.erb
  Rendering num_finder/input.html.erb within layouts/application
  Rendered num_finder/input.html.erb within layouts/application (Duration: 7.0ms | Allocations: 480)
  Rendered layout layouts/application.html.erb (Duration: 20.8ms | Allocations: 3249)
Completed 200 OK in 27ms (Views: 23.8ms | Allocations: 4010)


Started GET "/num_finder/output?ch=33&commit=Convert" for 127.0.0.1 at 2022-12-06 13:29:30 +0300
Processing by NumFinderController#output as HTML
  Parameters: {"ch"=>"33", "commit"=>"Convert"}
  Rendering layout layouts/application.html.erb
  Rendering num_finder/output.html.erb within layouts/application
  Rendered num_finder/output.html.erb within layouts/application (Duration: 5.9ms | Allocations: 1848)
  Rendered layout layouts/application.html.erb (Duration: 6.7ms | Allocations: 1927)
Completed 500 Internal Server Error in 10ms (Allocations: 2252)


  
ActionView::Template::Error (No route matches {:action=>"num_finder_input", :controller=>"num_finder"}):
    22:   </tr>
    23: </table>
    24: <%= link_to "return to inputhtml", :num_finder_input %>
    25: <%= button_to "getback", { action: "num_finder_input" } %>
  
app/views/num_finder/output.html.erb:25
Started GET "/num_finder/input" for 127.0.0.1 at 2022-12-06 13:30:06 +0300
Processing by NumFinderController#input as HTML
  Rendering layout layouts/application.html.erb
  Rendering num_finder/input.html.erb within layouts/application
  Rendered num_finder/input.html.erb within layouts/application (Duration: 1.0ms | Allocations: 480)
  Rendered layout layouts/application.html.erb (Duration: 6.6ms | Allocations: 3276)
Completed 200 OK in 10ms (Views: 8.6ms | Allocations: 4037)


Started GET "/num_finder/output?ch=33&commit=Convert" for 127.0.0.1 at 2022-12-06 13:30:07 +0300
Processing by NumFinderController#output as HTML
  Parameters: {"ch"=>"33", "commit"=>"Convert"}
  Rendering layout layouts/application.html.erb
  Rendering num_finder/output.html.erb within layouts/application
  Rendered num_finder/output.html.erb within layouts/application (Duration: 1.5ms | Allocations: 1538)
  Rendered layout layouts/application.html.erb (Duration: 1.7ms | Allocations: 1617)
Completed 500 Internal Server Error in 3ms (Allocations: 1938)


  
ActionView::Template::Error (No route matches {:action=>"num_finder/input", :controller=>"num_finder"}):
    22:   </tr>
    23: </table>
    24: <%= link_to "return to inputhtml", :num_finder_input %>
    25: <%= button_to "getback", { action: "num_finder/input" } %>
  
app/views/num_finder/output.html.erb:25
Started GET "/num_finder/output?ch=8&commit=Convert" for 127.0.0.1 at 2022-12-06 13:34:22 +0300
Processing by NumFinderController#output as HTML
  Parameters: {"ch"=>"8", "commit"=>"Convert"}
  Rendering layout layouts/application.html.erb
  Rendering num_finder/output.html.erb within layouts/application
  Rendered num_finder/output.html.erb within layouts/application (Duration: 4.4ms | Allocations: 1600)
  Rendered layout layouts/application.html.erb (Duration: 5.2ms | Allocations: 1688)
Completed 500 Internal Server Error in 9ms (Allocations: 2439)


  
ActionView::Template::Error (No route matches {:action=>"num_finder_input", :controller=>"num_finder"}):
    22:   </tr>
    23: </table>
    24: <%= link_to "return to inputhtml", :num_finder_input %>
    25: <%= button_to "getback", action: "num_finder_input" %>
  
app/views/num_finder/output.html.erb:25
Started GET "/num_finder/output?ch=8&commit=Convert" for 127.0.0.1 at 2022-12-06 13:35:24 +0300
Processing by NumFinderController#output as HTML
  Parameters: {"ch"=>"8", "commit"=>"Convert"}
  Rendering layout layouts/application.html.erb
  Rendering num_finder/output.html.erb within layouts/application
  Rendered num_finder/output.html.erb within layouts/application (Duration: 2.1ms | Allocations: 820)
  Rendered layout layouts/application.html.erb (Duration: 9.0ms | Allocations: 3366)
Completed 200 OK in 12ms (Views: 10.7ms | Allocations: 4166)


Started POST "/num_finder/input" for 127.0.0.1 at 2022-12-06 13:35:26 +0300
  
ActionController::RoutingError (No route matches [POST] "/num_finder/input"):
  
Started GET "/num_finder/output?ch=8&commit=Convert" for 127.0.0.1 at 2022-12-06 13:35:26 +0300
Processing by NumFinderController#output as HTML
  Parameters: {"ch"=>"8", "commit"=>"Convert"}
  Rendering layout layouts/application.html.erb
  Rendering num_finder/output.html.erb within layouts/application
  Rendered num_finder/output.html.erb within layouts/application (Duration: 1.0ms | Allocations: 414)
  Rendered layout layouts/application.html.erb (Duration: 6.7ms | Allocations: 2606)
Completed 200 OK in 8ms (Views: 7.6ms | Allocations: 2893)


Started POST "/num_finder/input" for 127.0.0.1 at 2022-12-06 13:35:27 +0300
  
ActionController::RoutingError (No route matches [POST] "/num_finder/input"):
  
Started GET "/num_finder/output?ch=8&commit=Convert" for 127.0.0.1 at 2022-12-06 13:35:27 +0300
Processing by NumFinderController#output as HTML
  Parameters: {"ch"=>"8", "commit"=>"Convert"}
  Rendering layout layouts/application.html.erb
  Rendering num_finder/output.html.erb within layouts/application
  Rendered num_finder/output.html.erb within layouts/application (Duration: 1.0ms | Allocations: 418)
  Rendered layout layouts/application.html.erb (Duration: 5.5ms | Allocations: 2610)
Completed 200 OK in 8ms (Views: 7.2ms | Allocations: 2878)


Started POST "/num_finder/input" for 127.0.0.1 at 2022-12-06 13:35:28 +0300
  
ActionController::RoutingError (No route matches [POST] "/num_finder/input"):
  
Started GET "/num_finder/output?ch=8&commit=Convert" for 127.0.0.1 at 2022-12-06 13:35:28 +0300
Processing by NumFinderController#output as HTML
  Parameters: {"ch"=>"8", "commit"=>"Convert"}
  Rendering layout layouts/application.html.erb
  Rendering num_finder/output.html.erb within layouts/application
  Rendered num_finder/output.html.erb within layouts/application (Duration: 2.2ms | Allocations: 426)
  Rendered layout layouts/application.html.erb (Duration: 9.3ms | Allocations: 2618)
Completed 200 OK in 11ms (Views: 10.3ms | Allocations: 2886)


Started GET "/num_finder/output?ch=8&commit=Convert" for 127.0.0.1 at 2022-12-06 13:36:10 +0300
Processing by NumFinderController#output as HTML
  Parameters: {"ch"=>"8", "commit"=>"Convert"}
  Rendering layout layouts/application.html.erb
  Rendering num_finder/output.html.erb within layouts/application
  Rendered num_finder/output.html.erb within layouts/application (Duration: 4.4ms | Allocations: 1600)
  Rendered layout layouts/application.html.erb (Duration: 5.0ms | Allocations: 1688)
Completed 500 Internal Server Error in 9ms (Allocations: 2440)


  
ActionView::Template::Error (No route matches {:action=>"num_finder/input", :controller=>"num_finder"}):
    22:   </tr>
    23: </table>
    24: <%= link_to "return to inputhtml", :num_finder_input %>
    25: <%= button_to "getback", action: "num_finder/input" %>
  
app/views/num_finder/output.html.erb:25
Started GET "/num_finder/output?ch=8&commit=Convert" for 127.0.0.1 at 2022-12-06 13:41:54 +0300
Processing by NumFinderController#output as HTML
  Parameters: {"ch"=>"8", "commit"=>"Convert"}
  Rendering layout layouts/application.html.erb
  Rendering num_finder/output.html.erb within layouts/application
  Rendered num_finder/output.html.erb within layouts/application (Duration: 3.0ms | Allocations: 1638)
  Rendered layout layouts/application.html.erb (Duration: 3.4ms | Allocations: 1726)
Completed 500 Internal Server Error in 9ms (Allocations: 2498)


  
ActionView::Template::Error (No route matches {:action=>"num_finder/input", :controller=>"num_finder"}):
    22:   </tr>
    23: </table>
    24: <%= link_to "return to inputhtml", :num_finder_input %>
    25: <%= button_to "getback", action: "num_finder/input" %>
    26: <%= form_with(url: "/num_finder/input", method: "get") %>
    27: <%= submit_tag("Getback") %>
  
app/views/num_finder/output.html.erb:25
Started GET "/num_finder/output?ch=8&commit=Convert" for 127.0.0.1 at 2022-12-06 13:43:26 +0300
Processing by NumFinderController#output as HTML
  Parameters: {"ch"=>"8", "commit"=>"Convert"}
  Rendering layout layouts/application.html.erb
  Rendering num_finder/output.html.erb within layouts/application
  Rendered num_finder/output.html.erb within layouts/application (Duration: 2.4ms | Allocations: 515)
  Rendered layout layouts/application.html.erb (Duration: 12.3ms | Allocations: 3281)
Completed 200 OK in 18ms (Views: 16.3ms | Allocations: 4081)


Started GET "/num_finder/output?ch=8&commit=Convert" for 127.0.0.1 at 2022-12-06 13:43:56 +0300
Processing by NumFinderController#output as HTML
  Parameters: {"ch"=>"8", "commit"=>"Convert"}
  Rendering layout layouts/application.html.erb
  Rendering num_finder/output.html.erb within layouts/application
  Rendered num_finder/output.html.erb within layouts/application (Duration: 1.8ms | Allocations: 504)
  Rendered layout layouts/application.html.erb (Duration: 11.7ms | Allocations: 3244)
Completed 200 OK in 15ms (Views: 13.6ms | Allocations: 4048)


Started GET "/num_finder/input?commit=Getback" for 127.0.0.1 at 2022-12-06 13:43:57 +0300
Processing by NumFinderController#input as HTML
  Parameters: {"commit"=>"Getback"}
  Rendering layout layouts/application.html.erb
  Rendering num_finder/input.html.erb within layouts/application
  Rendered num_finder/input.html.erb within layouts/application (Duration: 0.9ms | Allocations: 401)
  Rendered layout layouts/application.html.erb (Duration: 7.2ms | Allocations: 2740)
Completed 200 OK in 9ms (Views: 8.0ms | Allocations: 3063)


Started GET "/num_finder/output?ch=88&commit=Convert" for 127.0.0.1 at 2022-12-06 13:44:24 +0300
Processing by NumFinderController#output as HTML
  Parameters: {"ch"=>"88", "commit"=>"Convert"}
  Rendering layout layouts/application.html.erb
  Rendering num_finder/output.html.erb within layouts/application
  Rendered num_finder/output.html.erb within layouts/application (Duration: 0.6ms | Allocations: 165)
  Rendered layout layouts/application.html.erb (Duration: 4.6ms | Allocations: 2525)
Completed 200 OK in 6ms (Views: 5.1ms | Allocations: 2795)


Started GET "/num_finder/input?commit=Getback" for 127.0.0.1 at 2022-12-06 13:44:27 +0300
Processing by NumFinderController#input as HTML
  Parameters: {"commit"=>"Getback"}
  Rendering layout layouts/application.html.erb
  Rendering num_finder/input.html.erb within layouts/application
  Rendered num_finder/input.html.erb within layouts/application (Duration: 0.5ms | Allocations: 227)
  Rendered layout layouts/application.html.erb (Duration: 5.8ms | Allocations: 2577)
Completed 200 OK in 7ms (Views: 6.8ms | Allocations: 2829)


Started GET "/num_finder/output?ch=88&commit=Convert" for 127.0.0.1 at 2022-12-06 14:00:18 +0300
Processing by NumFinderController#output as HTML
  Parameters: {"ch"=>"88", "commit"=>"Convert"}
  Rendering layout layouts/application.html.erb
  Rendering num_finder/output.html.erb within layouts/application
  Rendered num_finder/output.html.erb within layouts/application (Duration: 0.5ms | Allocations: 165)
  Rendered layout layouts/application.html.erb (Duration: 6.3ms | Allocations: 2495)
Completed 200 OK in 8ms (Views: 7.1ms | Allocations: 2765)


Started GET "/num_finder/input?commit=Getback" for 127.0.0.1 at 2022-12-06 14:00:20 +0300
Processing by NumFinderController#input as HTML
  Parameters: {"commit"=>"Getback"}
  Rendering layout layouts/application.html.erb
  Rendering num_finder/input.html.erb within layouts/application
  Rendered num_finder/input.html.erb within layouts/application (Duration: 0.8ms | Allocations: 227)
  Rendered layout layouts/application.html.erb (Duration: 5.1ms | Allocations: 2586)
Completed 200 OK in 6ms (Views: 5.6ms | Allocations: 2838)


Started GET "/num_finder/output?ch=6&commit=Convert" for 127.0.0.1 at 2022-12-06 14:03:12 +0300
Processing by NumFinderController#output as HTML
  Parameters: {"ch"=>"6", "commit"=>"Convert"}
  Rendering layout layouts/application.html.erb
  Rendering num_finder/output.html.erb within layouts/application
  Rendered num_finder/output.html.erb within layouts/application (Duration: 0.8ms | Allocations: 165)
  Rendered layout layouts/application.html.erb (Duration: 9.5ms | Allocations: 2501)
Completed 200 OK in 11ms (Views: 10.6ms | Allocations: 2771)


Started GET "/num_finder/input?commit=Getback" for 127.0.0.1 at 2022-12-06 14:03:15 +0300
Processing by NumFinderController#input as HTML
  Parameters: {"commit"=>"Getback"}
  Rendering layout layouts/application.html.erb
  Rendering num_finder/input.html.erb within layouts/application
  Rendered num_finder/input.html.erb within layouts/application (Duration: 1.0ms | Allocations: 227)
  Rendered layout layouts/application.html.erb (Duration: 12.2ms | Allocations: 2562)
Completed 200 OK in 15ms (Views: 13.8ms | Allocations: 2814)


Started GET "/num_finder/output?ch=6&commit=Convert" for 127.0.0.1 at 2022-12-06 14:13:37 +0300
Processing by NumFinderController#output as HTML
  Parameters: {"ch"=>"6", "commit"=>"Convert"}
  Rendering layout layouts/application.html.erb
  Rendering num_finder/output.html.erb within layouts/application
  Rendered num_finder/output.html.erb within layouts/application (Duration: 0.6ms | Allocations: 165)
  Rendered layout layouts/application.html.erb (Duration: 7.6ms | Allocations: 2519)
Completed 200 OK in 9ms (Views: 8.4ms | Allocations: 2789)


Started GET "/num_finder/input?commit=Getback" for 127.0.0.1 at 2022-12-06 14:13:39 +0300
Processing by NumFinderController#input as HTML
  Parameters: {"commit"=>"Getback"}
  Rendering layout layouts/application.html.erb
  Rendering num_finder/input.html.erb within layouts/application
  Rendered num_finder/input.html.erb within layouts/application (Duration: 1.0ms | Allocations: 227)
  Rendered layout layouts/application.html.erb (Duration: 12.0ms | Allocations: 2562)
Completed 200 OK in 14ms (Views: 13.3ms | Allocations: 2814)


Started GET "/num_finder/output?ch=6&commit=Convert" for 127.0.0.1 at 2022-12-06 14:15:19 +0300
Processing by NumFinderController#output as HTML
  Parameters: {"ch"=>"6", "commit"=>"Convert"}
  Rendering layout layouts/application.html.erb
  Rendering num_finder/output.html.erb within layouts/application
  Rendered num_finder/output.html.erb within layouts/application (Duration: 0.9ms | Allocations: 165)
  Rendered layout layouts/application.html.erb (Duration: 11.0ms | Allocations: 2495)
Completed 200 OK in 13ms (Views: 12.3ms | Allocations: 2765)


Started GET "/num_finder/input?commit=Getback" for 127.0.0.1 at 2022-12-06 14:15:20 +0300
Processing by NumFinderController#input as HTML
  Parameters: {"commit"=>"Getback"}
  Rendering layout layouts/application.html.erb
  Rendering num_finder/input.html.erb within layouts/application
  Rendered num_finder/input.html.erb within layouts/application (Duration: 1.0ms | Allocations: 227)
  Rendered layout layouts/application.html.erb (Duration: 12.3ms | Allocations: 2574)
Completed 200 OK in 15ms (Views: 13.7ms | Allocations: 2826)


Started GET "/num_finder/output?ch=88&commit=Convert" for 127.0.0.1 at 2022-12-06 14:15:34 +0300
Processing by NumFinderController#output as HTML
  Parameters: {"ch"=>"88", "commit"=>"Convert"}
  Rendering layout layouts/application.html.erb
  Rendering num_finder/output.html.erb within layouts/application
  Rendered num_finder/output.html.erb within layouts/application (Duration: 0.9ms | Allocations: 165)
  Rendered layout layouts/application.html.erb (Duration: 11.6ms | Allocations: 2495)
Completed 200 OK in 14ms (Views: 13.0ms | Allocations: 2765)


Started GET "/num_finder/input" for 127.0.0.1 at 2022-12-06 14:15:36 +0300
Processing by NumFinderController#input as HTML
  Rendering layout layouts/application.html.erb
  Rendering num_finder/input.html.erb within layouts/application
  Rendered num_finder/input.html.erb within layouts/application (Duration: 1.1ms | Allocations: 227)
  Rendered layout layouts/application.html.erb (Duration: 12.1ms | Allocations: 2571)
Completed 200 OK in 15ms (Views: 14.3ms | Allocations: 2823)


Started GET "/num_finder/output?ch=88&commit=Convert" for 127.0.0.1 at 2022-12-06 14:15:37 +0300
Processing by NumFinderController#output as HTML
  Parameters: {"ch"=>"88", "commit"=>"Convert"}
  Rendering layout layouts/application.html.erb
  Rendering num_finder/output.html.erb within layouts/application
  Rendered num_finder/output.html.erb within layouts/application (Duration: 0.4ms | Allocations: 165)
  Rendered layout layouts/application.html.erb (Duration: 5.0ms | Allocations: 2498)
Completed 200 OK in 6ms (Views: 5.8ms | Allocations: 2768)


Started GET "/num_finder/output?ch=88&commit=Convert" for 127.0.0.1 at 2022-12-06 14:15:47 +0300
Processing by NumFinderController#output as HTML
  Parameters: {"ch"=>"88", "commit"=>"Convert"}
  Rendering layout layouts/application.html.erb
  Rendering num_finder/output.html.erb within layouts/application
  Rendered num_finder/output.html.erb within layouts/application (Duration: 1.5ms | Allocations: 413)
  Rendered layout layouts/application.html.erb (Duration: 10.8ms | Allocations: 3187)
Completed 200 OK in 15ms (Views: 13.3ms | Allocations: 3972)


Started GET "/num_finder/input?commit=Getback" for 127.0.0.1 at 2022-12-06 14:15:48 +0300
Processing by NumFinderController#input as HTML
  Parameters: {"commit"=>"Getback"}
  Rendering layout layouts/application.html.erb
  Rendering num_finder/input.html.erb within layouts/application
  Rendered num_finder/input.html.erb within layouts/application (Duration: 3.3ms | Allocations: 402)
  Rendered layout layouts/application.html.erb (Duration: 14.1ms | Allocations: 2744)
Completed 200 OK in 17ms (Views: 15.4ms | Allocations: 3067)


Started GET "/num_finder/output?ch=&commit=Convert" for 127.0.0.1 at 2022-12-06 14:16:29 +0300
Processing by NumFinderController#output as HTML
  Parameters: {"ch"=>"", "commit"=>"Convert"}
  Rendering layout layouts/application.html.erb
  Rendering num_finder/output.html.erb within layouts/application
  Rendered num_finder/output.html.erb within layouts/application (Duration: 0.3ms | Allocations: 131)
  Rendered layout layouts/application.html.erb (Duration: 4.8ms | Allocations: 2479)
Completed 200 OK in 6ms (Views: 5.5ms | Allocations: 2750)


Started GET "/num_finder/input?commit=Getback" for 127.0.0.1 at 2022-12-06 14:16:33 +0300
Processing by NumFinderController#input as HTML
  Parameters: {"commit"=>"Getback"}
  Rendering layout layouts/application.html.erb
  Rendering num_finder/input.html.erb within layouts/application
  Rendered num_finder/input.html.erb within layouts/application (Duration: 1.5ms | Allocations: 227)
  Rendered layout layouts/application.html.erb (Duration: 12.4ms | Allocations: 2571)
Completed 200 OK in 14ms (Views: 13.6ms | Allocations: 2823)


Started GET "/num_finder/output?ch=&commit=Convert" for 127.0.0.1 at 2022-12-06 14:16:34 +0300
Processing by NumFinderController#output as HTML
  Parameters: {"ch"=>"", "commit"=>"Convert"}
  Rendering layout layouts/application.html.erb
  Rendering num_finder/output.html.erb within layouts/application
  Rendered num_finder/output.html.erb within layouts/application (Duration: 0.6ms | Allocations: 131)
  Rendered layout layouts/application.html.erb (Duration: 12.6ms | Allocations: 2464)
Completed 200 OK in 15ms (Views: 13.8ms | Allocations: 2735)


Started GET "/num_finder/input?commit=Getback" for 127.0.0.1 at 2022-12-06 14:21:31 +0300
Processing by NumFinderController#input as HTML
  Parameters: {"commit"=>"Getback"}
  Rendering layout layouts/application.html.erb
  Rendering num_finder/input.html.erb within layouts/application
  Rendered num_finder/input.html.erb within layouts/application (Duration: 3.6ms | Allocations: 480)
  Rendered layout layouts/application.html.erb (Duration: 20.9ms | Allocations: 3247)
Completed 200 OK in 29ms (Views: 26.4ms | Allocations: 4016)


Started GET "/num_finder/output?ch=&commit=Convert" for 127.0.0.1 at 2022-12-06 14:21:32 +0300
Processing by NumFinderController#output as HTML
  Parameters: {"ch"=>"", "commit"=>"Convert"}
  Rendering layout layouts/application.html.erb
  Rendering num_finder/output.html.erb within layouts/application
  Rendered num_finder/output.html.erb within layouts/application (Duration: 5.3ms | Allocations: 1659)
  Rendered layout layouts/application.html.erb (Duration: 5.9ms | Allocations: 1738)
Completed 500 Internal Server Error in 8ms (Allocations: 2060)


  
ActionView::Template::Error (No route matches {:action=>"/num_finde/input", :controller=>"num_finder"}):
    24: <%= form_with(url: "/num_finder/input", method: "get") do%>
    25: <%= submit_tag("Getback") %>
    26: <% end %>
    27: <%= button_to "New", { action: "/num_finde/input" }, method: "get" %>
  
app/views/num_finder/output.html.erb:27
Started GET "/num_finder/input?commit=Getback" for 127.0.0.1 at 2022-12-06 14:21:48 +0300
Processing by NumFinderController#input as HTML
  Parameters: {"commit"=>"Getback"}
  Rendering layout layouts/application.html.erb
  Rendering num_finder/input.html.erb within layouts/application
  Rendered num_finder/input.html.erb within layouts/application (Duration: 1.0ms | Allocations: 480)
  Rendered layout layouts/application.html.erb (Duration: 6.7ms | Allocations: 3255)
Completed 200 OK in 10ms (Views: 8.7ms | Allocations: 4016)


Started GET "/num_finder/output?ch=88&commit=Convert" for 127.0.0.1 at 2022-12-06 14:21:50 +0300
Processing by NumFinderController#output as HTML
  Parameters: {"ch"=>"88", "commit"=>"Convert"}
  Rendering layout layouts/application.html.erb
  Rendering num_finder/output.html.erb within layouts/application
  Rendered num_finder/output.html.erb within layouts/application (Duration: 2.0ms | Allocations: 1654)
  Rendered layout layouts/application.html.erb (Duration: 2.2ms | Allocations: 1733)
Completed 500 Internal Server Error in 3ms (Allocations: 2054)


  
ActionView::Template::Error (No route matches {:action=>"/num_finder/input", :controller=>"num_finder"}):
    24: <%= form_with(url: "/num_finder/input", method: "get") do%>
    25: <%= submit_tag("Getback") %>
    26: <% end %>
    27: <%= button_to "New", { action: "/num_finder/input" }, method: "get" %>
  
app/views/num_finder/output.html.erb:27
Started GET "/num_finder/input?commit=Getback" for 127.0.0.1 at 2022-12-06 14:23:05 +0300
Processing by NumFinderController#input as HTML
  Parameters: {"commit"=>"Getback"}
  Rendering layout layouts/application.html.erb
  Rendering num_finder/input.html.erb within layouts/application
  Rendered num_finder/input.html.erb within layouts/application (Duration: 1.9ms | Allocations: 480)
  Rendered layout layouts/application.html.erb (Duration: 10.9ms | Allocations: 3252)
Completed 200 OK in 15ms (Views: 13.4ms | Allocations: 4013)


Started GET "/num_finder/output?ch=88&commit=Convert" for 127.0.0.1 at 2022-12-06 14:23:06 +0300
Processing by NumFinderController#output as HTML
  Parameters: {"ch"=>"88", "commit"=>"Convert"}
  Rendering layout layouts/application.html.erb
  Rendering num_finder/output.html.erb within layouts/application
  Rendered num_finder/output.html.erb within layouts/application (Duration: 9.0ms | Allocations: 5011)
  Rendered layout layouts/application.html.erb (Duration: 9.4ms | Allocations: 5090)
Completed 500 Internal Server Error in 11ms (Allocations: 5413)


  
ActionView::Template::Error (undefined local variable or method `get' for #<ActionView::Base:0x00000000011da0>

@output_buffer.append=( button_to "New", { action: "/num_finder/input" }, method: get );
                                                                                  ^^^
Did you mean?  gets
               gem):
    24: <%= form_with(url: "/num_finder/input", method: "get") do%>
    25: <%= submit_tag("Getback") %>
    26: <% end %>
    27: <%= button_to "New", { action: "/num_finder/input" }, method: get %>
  
app/views/num_finder/output.html.erb:27
Started GET "/num_finder/input?commit=Getback" for 127.0.0.1 at 2022-12-06 14:24:47 +0300
Processing by NumFinderController#input as HTML
  Parameters: {"commit"=>"Getback"}
  Rendering layout layouts/application.html.erb
  Rendering num_finder/input.html.erb within layouts/application
  Rendered num_finder/input.html.erb within layouts/application (Duration: 1.4ms | Allocations: 480)
  Rendered layout layouts/application.html.erb (Duration: 9.1ms | Allocations: 3249)
Completed 200 OK in 13ms (Views: 11.6ms | Allocations: 4010)


Started GET "/num_finder/output?ch=88&commit=Convert" for 127.0.0.1 at 2022-12-06 14:24:48 +0300
Processing by NumFinderController#output as HTML
  Parameters: {"ch"=>"88", "commit"=>"Convert"}
  Rendering layout layouts/application.html.erb
  Rendering num_finder/output.html.erb within layouts/application
  Rendered num_finder/output.html.erb within layouts/application (Duration: 1.9ms | Allocations: 1204)
  Rendered layout layouts/application.html.erb (Duration: 2.4ms | Allocations: 1284)
Completed 500 Internal Server Error in 5ms (Allocations: 1606)


  
ActionView::SyntaxErrorInTemplate (Encountered a syntax error while rendering template: check <strong><em>you are now viewing file that is located in app/views</em></strong>
<table>
  <tr>
    <th>iteration</th>
    <th>value of the proceeded element</th>
  </tr>
  <tr>
    <td>entered number</td>
    <td><%=@ent_num %></td>
  </tr>
  <tr>
    <td>binary digit</td>
    <td><%=@bearb_num %></td>
  </tr>
  <tr>
    <td>reversed binary number</td>
    <td><%=@rev_bearb_num %></td>
  </tr>
  <tr>
    <td>reversed decimal number</td>
    <td><%=@result %></td>
  </tr>
</table>
<%= form_with(url: "/num_finder/input", method: "get") do%>
<%= submit_tag("Getback") %>
<% end %>
<%= button_to "New", link_to :num_finder_input, method: "get" %>

):
1:    <strong><em>you are now viewing file that is located in app/views</em></strong>
2:    <table>
3:      <tr>
4:        <th>iteration</th>
5:        <th>value of the proceeded element</th>
6:      </tr>
7:      <tr>
8:        <td>entered number</td>
9:        <td><%=@ent_num %></td>
10:      </tr>
11:      <tr>
12:        <td>binary digit</td>
13:        <td><%=@bearb_num %></td>
14:      </tr>
15:      <tr>
16:        <td>reversed binary number</td>
17:        <td><%=@rev_bearb_num %></td>
18:      </tr>
19:      <tr>
20:        <td>reversed decimal number</td>
21:        <td><%=@result %></td>
22:      </tr>
23:    </table>
24:    <%= form_with(url: "/num_finder/input", method: "get") do%>
25:    <%= submit_tag("Getback") %>
26:    <% end %>
27:    <%= button_to "New", link_to :num_finder_input, method: "get" %>
  
app/views/num_finder/output.html.erb:27: syntax error, unexpected symbol literal, expecting `do' or '{' or '('
app/views/num_finder/output.html.erb:27: syntax error, unexpected symbol literal, expecting `do' or '{' or '('
app/views/num_finder/output.html.erb:27: syntax error, unexpected symbol literal, expecting `do' or '{' or '('
app/views/num_finder/output.html.erb:27: syntax error, unexpected symbol literal, expecting `do' or '{' or '('
app/views/num_finder/output.html.erb:27: syntax error, unexpected symbol literal, expecting `do' or '{' or '('
app/views/num_finder/output.html.erb:27: syntax error, unexpected symbol literal, expecting `do' or '{' or '('
Started GET "/num_finder/input?commit=Getback" for 127.0.0.1 at 2022-12-06 14:25:45 +0300
Processing by NumFinderController#input as HTML
  Parameters: {"commit"=>"Getback"}
  Rendering layout layouts/application.html.erb
  Rendering num_finder/input.html.erb within layouts/application
  Rendered num_finder/input.html.erb within layouts/application (Duration: 2.9ms | Allocations: 480)
  Rendered layout layouts/application.html.erb (Duration: 11.3ms | Allocations: 3276)
Completed 200 OK in 15ms (Views: 13.6ms | Allocations: 4037)


Started GET "/num_finder/output?ch=88&commit=Convert" for 127.0.0.1 at 2022-12-06 14:25:46 +0300
Processing by NumFinderController#output as HTML
  Parameters: {"ch"=>"88", "commit"=>"Convert"}
  Rendering layout layouts/application.html.erb
  Rendering num_finder/output.html.erb within layouts/application
  Rendered num_finder/output.html.erb within layouts/application (Duration: 3.0ms | Allocations: 1651)
  Rendered layout layouts/application.html.erb (Duration: 3.4ms | Allocations: 1730)
Completed 500 Internal Server Error in 5ms (Allocations: 2051)


  
ActionView::Template::Error (No route matches {:action=>"/num_finder/input", :controller=>"num_finder"}):
    24: <%= form_with(url: "/num_finder/input", method: "get") do%>
    25: <%= submit_tag("Getback") %>
    26: <% end %>
    27: <%= button_to "New", { action: "/num_finder/input" }, method: :get %>
  
app/views/num_finder/output.html.erb:27
Started GET "/num_finder/input?commit=Getback" for 127.0.0.1 at 2022-12-06 14:27:00 +0300
Processing by NumFinderController#input as HTML
  Parameters: {"commit"=>"Getback"}
  Rendering layout layouts/application.html.erb
  Rendering num_finder/input.html.erb within layouts/application
  Rendered num_finder/input.html.erb within layouts/application (Duration: 1.0ms | Allocations: 480)
  Rendered layout layouts/application.html.erb (Duration: 9.9ms | Allocations: 3252)
Completed 200 OK in 13ms (Views: 12.2ms | Allocations: 4013)


Started GET "/num_finder/output?ch=88&commit=Convert" for 127.0.0.1 at 2022-12-06 14:27:01 +0300
Processing by NumFinderController#output as HTML
  Parameters: {"ch"=>"88", "commit"=>"Convert"}
  Rendering layout layouts/application.html.erb
  Rendering num_finder/output.html.erb within layouts/application
  Rendered num_finder/output.html.erb within layouts/application (Duration: 1.1ms | Allocations: 1205)
  Rendered layout layouts/application.html.erb (Duration: 1.5ms | Allocations: 1285)
Completed 500 Internal Server Error in 3ms (Allocations: 1607)


  
ActionView::SyntaxErrorInTemplate (Encountered a syntax error while rendering template: check <strong><em>you are now viewing file that is located in app/views</em></strong>
<table>
  <tr>
    <th>iteration</th>
    <th>value of the proceeded element</th>
  </tr>
  <tr>
    <td>entered number</td>
    <td><%=@ent_num %></td>
  </tr>
  <tr>
    <td>binary digit</td>
    <td><%=@bearb_num %></td>
  </tr>
  <tr>
    <td>reversed binary number</td>
    <td><%=@rev_bearb_num %></td>
  </tr>
  <tr>
    <td>reversed decimal number</td>
    <td><%=@result %></td>
  </tr>
</table>
<%= form_with(url: "/num_finder/input", method: "get") do%>
<%= submit_tag("Getback") %>
<% end %>
<%= button_to "New", /num_finder/input", method: :get %>

):
1:    <strong><em>you are now viewing file that is located in app/views</em></strong>
2:    <table>
3:      <tr>
4:        <th>iteration</th>
5:        <th>value of the proceeded element</th>
6:      </tr>
7:      <tr>
8:        <td>entered number</td>
9:        <td><%=@ent_num %></td>
10:      </tr>
11:      <tr>
12:        <td>binary digit</td>
13:        <td><%=@bearb_num %></td>
14:      </tr>
15:      <tr>
16:        <td>reversed binary number</td>
17:        <td><%=@rev_bearb_num %></td>
18:      </tr>
19:      <tr>
20:        <td>reversed decimal number</td>
21:        <td><%=@result %></td>
22:      </tr>
23:    </table>
24:    <%= form_with(url: "/num_finder/input", method: "get") do%>
25:    <%= submit_tag("Getback") %>
26:    <% end %>
27:    <%= button_to "New", /num_finder/input", method: :get %>
  
app/views/num_finder/output.html.erb:27: unknown regexp options - pt
app/views/num_finder/output.html.erb:27: syntax error, unexpected string literal, expecting ')'
app/views/num_finder/output.html.erb:30: unterminated string meets end of file
app/views/num_finder/output.html.erb:30: syntax error, unexpected end-of-input, expecting ')'
app/views/num_finder/output.html.erb:27: unknown regexp options - pt
app/views/num_finder/output.html.erb:27: syntax error, unexpected string literal, expecting ')'
app/views/num_finder/output.html.erb:30: unterminated string meets end of file
app/views/num_finder/output.html.erb:30: syntax error, unexpected end-of-input, expecting ')'
app/views/num_finder/output.html.erb:27: unknown regexp options - pt
app/views/num_finder/output.html.erb:27: syntax error, unexpected string literal, expecting ')'
app/views/num_finder/output.html.erb:30: unterminated string meets end of file
app/views/num_finder/output.html.erb:30: syntax error, unexpected end-of-input, expecting ')'
app/views/num_finder/output.html.erb:27: unknown regexp options - pt
app/views/num_finder/output.html.erb:27: syntax error, unexpected string literal, expecting ')'
app/views/num_finder/output.html.erb:30: unterminated string meets end of file
app/views/num_finder/output.html.erb:30: syntax error, unexpected end-of-input, expecting ')'
app/views/num_finder/output.html.erb:27: unknown regexp options - pt
app/views/num_finder/output.html.erb:27: syntax error, unexpected string literal, expecting ')'
app/views/num_finder/output.html.erb:30: unterminated string meets end of file
app/views/num_finder/output.html.erb:30: syntax error, unexpected end-of-input, expecting ')'
app/views/num_finder/output.html.erb:27: unknown regexp options - pt
app/views/num_finder/output.html.erb:27: syntax error, unexpected string literal, expecting ')'
app/views/num_finder/output.html.erb:30: unterminated string meets end of file
app/views/num_finder/output.html.erb:30: syntax error, unexpected end-of-input, expecting ')'
Started GET "/num_finder/input?commit=Getback" for 127.0.0.1 at 2022-12-06 14:30:57 +0300
Processing by NumFinderController#input as HTML
  Parameters: {"commit"=>"Getback"}
  Rendering layout layouts/application.html.erb
  Rendering num_finder/input.html.erb within layouts/application
  Rendered num_finder/input.html.erb within layouts/application (Duration: 1.9ms | Allocations: 480)
  Rendered layout layouts/application.html.erb (Duration: 12.5ms | Allocations: 3249)
Completed 200 OK in 18ms (Views: 16.7ms | Allocations: 4010)


Started GET "/num_finder/output?ch=88&commit=Convert" for 127.0.0.1 at 2022-12-06 14:30:58 +0300
Processing by NumFinderController#output as HTML
  Parameters: {"ch"=>"88", "commit"=>"Convert"}
  Rendering layout layouts/application.html.erb
  Rendering num_finder/output.html.erb within layouts/application
  Rendered num_finder/output.html.erb within layouts/application (Duration: 1.2ms | Allocations: 1206)
  Rendered layout layouts/application.html.erb (Duration: 1.5ms | Allocations: 1286)
Completed 500 Internal Server Error in 3ms (Allocations: 1608)


  
ActionView::SyntaxErrorInTemplate (Encountered a syntax error while rendering template: check <strong><em>you are now viewing file that is located in app/views</em></strong>
<table>
  <tr>
    <th>iteration</th>
    <th>value of the proceeded element</th>
  </tr>
  <tr>
    <td>entered number</td>
    <td><%=@ent_num %></td>
  </tr>
  <tr>
    <td>binary digit</td>
    <td><%=@bearb_num %></td>
  </tr>
  <tr>
    <td>reversed binary number</td>
    <td><%=@rev_bearb_num %></td>
  </tr>
  <tr>
    <td>reversed decimal number</td>
    <td><%=@result %></td>
  </tr>
</table>
<%= form_with(url: "/num_finder/input", method: "get") do%>
<%= submit_tag("Getback") %>
<% end %>
<%= button_to "New", action: /num_finder/input, method: :get %>

):
1:    <strong><em>you are now viewing file that is located in app/views</em></strong>
2:    <table>
3:      <tr>
4:        <th>iteration</th>
5:        <th>value of the proceeded element</th>
6:      </tr>
7:      <tr>
8:        <td>entered number</td>
9:        <td><%=@ent_num %></td>
10:      </tr>
11:      <tr>
12:        <td>binary digit</td>
13:        <td><%=@bearb_num %></td>
14:      </tr>
15:      <tr>
16:        <td>reversed binary number</td>
17:        <td><%=@rev_bearb_num %></td>
18:      </tr>
19:      <tr>
20:        <td>reversed decimal number</td>
21:        <td><%=@result %></td>
22:      </tr>
23:    </table>
24:    <%= form_with(url: "/num_finder/input", method: "get") do%>
25:    <%= submit_tag("Getback") %>
26:    <% end %>
27:    <%= button_to "New", action: /num_finder/input, method: :get %>
  
app/views/num_finder/output.html.erb:27: unknown regexp options - pt
app/views/num_finder/output.html.erb:27: unknown regexp options - pt
app/views/num_finder/output.html.erb:27: unknown regexp options - pt
app/views/num_finder/output.html.erb:27: unknown regexp options - pt
app/views/num_finder/output.html.erb:27: unknown regexp options - pt
app/views/num_finder/output.html.erb:27: unknown regexp options - pt
Started GET "/num_finder/input?commit=Getback" for 127.0.0.1 at 2022-12-06 14:32:03 +0300
Processing by NumFinderController#input as HTML
  Parameters: {"commit"=>"Getback"}
  Rendering layout layouts/application.html.erb
  Rendering num_finder/input.html.erb within layouts/application
  Rendered num_finder/input.html.erb within layouts/application (Duration: 1.7ms | Allocations: 480)
  Rendered layout layouts/application.html.erb (Duration: 11.7ms | Allocations: 3258)
Completed 200 OK in 15ms (Views: 13.9ms | Allocations: 4019)


Started GET "/num_finder/output?ch=88&commit=Convert" for 127.0.0.1 at 2022-12-06 14:32:04 +0300
Processing by NumFinderController#output as HTML
  Parameters: {"ch"=>"88", "commit"=>"Convert"}
  Rendering layout layouts/application.html.erb
  Rendering num_finder/output.html.erb within layouts/application
  Rendered num_finder/output.html.erb within layouts/application (Duration: 1.4ms | Allocations: 438)
  Rendered layout layouts/application.html.erb (Duration: 6.6ms | Allocations: 2774)
Completed 200 OK in 8ms (Views: 7.6ms | Allocations: 3115)


Started GET "/num_finder/input?commit=Getback" for 127.0.0.1 at 2022-12-06 14:32:06 +0300
Processing by NumFinderController#input as HTML
  Parameters: {"commit"=>"Getback"}
  Rendering layout layouts/application.html.erb
  Rendering num_finder/input.html.erb within layouts/application
  Rendered num_finder/input.html.erb within layouts/application (Duration: 0.4ms | Allocations: 227)
  Rendered layout layouts/application.html.erb (Duration: 7.0ms | Allocations: 2550)
Completed 200 OK in 8ms (Views: 7.7ms | Allocations: 2802)


Started GET "/num_finder/input" for 127.0.0.1 at 2022-12-06 14:32:07 +0300
Processing by NumFinderController#input as HTML
  Rendering layout layouts/application.html.erb
  Rendering num_finder/input.html.erb within layouts/application
  Rendered num_finder/input.html.erb within layouts/application (Duration: 0.6ms | Allocations: 227)
  Rendered layout layouts/application.html.erb (Duration: 6.6ms | Allocations: 2574)
Completed 200 OK in 9ms (Views: 7.6ms | Allocations: 2826)


Started GET "/num_finder/output?ch=88&commit=Convert" for 127.0.0.1 at 2022-12-06 14:32:24 +0300
Processing by NumFinderController#output as HTML
  Parameters: {"ch"=>"88", "commit"=>"Convert"}
  Rendering layout layouts/application.html.erb
  Rendering num_finder/output.html.erb within layouts/application
  Rendered num_finder/output.html.erb within layouts/application (Duration: 0.3ms | Allocations: 193)
  Rendered layout layouts/application.html.erb (Duration: 4.6ms | Allocations: 2547)
Completed 200 OK in 6ms (Views: 5.3ms | Allocations: 2817)


Started GET "/num_finder/output?ch=88&commit=Convert" for 127.0.0.1 at 2022-12-06 14:33:20 +0300
Processing by NumFinderController#output as HTML
  Parameters: {"ch"=>"88", "commit"=>"Convert"}
  Rendering layout layouts/application.html.erb
  Rendering num_finder/output.html.erb within layouts/application
  Rendered num_finder/output.html.erb within layouts/application (Duration: 1.4ms | Allocations: 311)
  Rendered layout layouts/application.html.erb (Duration: 10.2ms | Allocations: 3057)
Completed 200 OK in 14ms (Views: 12.9ms | Allocations: 3842)


Started GET "/num_finder/input" for 127.0.0.1 at 2022-12-06 14:33:21 +0300
Processing by NumFinderController#input as HTML
  Rendering layout layouts/application.html.erb
  Rendering num_finder/input.html.erb within layouts/application
  Rendered num_finder/input.html.erb within layouts/application (Duration: 1.2ms | Allocations: 420)
  Rendered layout layouts/application.html.erb (Duration: 6.4ms | Allocations: 2771)
Completed 200 OK in 9ms (Views: 7.3ms | Allocations: 3094)


Started GET "/num_finder/output?ch=&commit=Convert" for 127.0.0.1 at 2022-12-06 14:33:22 +0300
Processing by NumFinderController#output as HTML
  Parameters: {"ch"=>"", "commit"=>"Convert"}
  Rendering layout layouts/application.html.erb
  Rendering num_finder/output.html.erb within layouts/application
  Rendered num_finder/output.html.erb within layouts/application (Duration: 0.3ms | Allocations: 82)
  Rendered layout layouts/application.html.erb (Duration: 12.4ms | Allocations: 2418)
Completed 200 OK in 15ms (Views: 14.2ms | Allocations: 2689)


Started GET "/num_finder/input" for 127.0.0.1 at 2022-12-06 14:33:38 +0300
Processing by NumFinderController#input as HTML
  Rendering layout layouts/application.html.erb
  Rendering num_finder/input.html.erb within layouts/application
  Rendered num_finder/input.html.erb within layouts/application (Duration: 0.6ms | Allocations: 227)
  Rendered layout layouts/application.html.erb (Duration: 9.5ms | Allocations: 2580)
Completed 200 OK in 12ms (Views: 10.7ms | Allocations: 2832)


Started GET "/num_finder/output?ch=8&commit=Convert" for 127.0.0.1 at 2022-12-06 14:34:06 +0300
Processing by NumFinderController#output as HTML
  Parameters: {"ch"=>"8", "commit"=>"Convert"}
  Rendering layout layouts/application.html.erb
  Rendering num_finder/output.html.erb within layouts/application
  Rendered num_finder/output.html.erb within layouts/application (Duration: 0.2ms | Allocations: 79)
  Rendered layout layouts/application.html.erb (Duration: 4.9ms | Allocations: 2412)
Completed 200 OK in 6ms (Views: 5.5ms | Allocations: 2682)


Started GET "/num_finder/input" for 127.0.0.1 at 2022-12-06 14:48:14 +0300
Processing by NumFinderController#input as HTML
  Rendering layout layouts/application.html.erb
  Rendering num_finder/input.html.erb within layouts/application
  Rendered num_finder/input.html.erb within layouts/application (Duration: 0.6ms | Allocations: 227)
  Rendered layout layouts/application.html.erb (Duration: 16.9ms | Allocations: 2583)
Completed 200 OK in 19ms (Views: 17.9ms | Allocations: 2836)


Started GET "/num_finder/output?ch=88&commit=Convert" for 127.0.0.1 at 2022-12-06 14:48:17 +0300
Processing by NumFinderController#output as HTML
  Parameters: {"ch"=>"88", "commit"=>"Convert"}
  Rendering layout layouts/application.html.erb
  Rendering num_finder/output.html.erb within layouts/application
  Rendered num_finder/output.html.erb within layouts/application (Duration: 0.6ms | Allocations: 79)
  Rendered layout layouts/application.html.erb (Duration: 5.3ms | Allocations: 2419)
Completed 200 OK in 7ms (Views: 6.1ms | Allocations: 2689)


Started GET "/" for 127.0.0.1 at 2022-12-09 19:08:44 +0300
Started GET "/num_finder/input" for 127.0.0.1 at 2022-12-09 19:08:44 +0300
Processing by NumFinderController#input as HTML
  Rendering layout layouts/application.html.erb
  Rendering num_finder/input.html.erb within layouts/application
  Rendered num_finder/input.html.erb within layouts/application (Duration: 8.2ms | Allocations: 740)
  Rendered layout layouts/application.html.erb (Duration: 516.0ms | Allocations: 35478)
Completed 200 OK in 531ms (Views: 521.0ms | ActiveRecord: 0.0ms | Allocations: 38469)


Started GET "/num_finder/output?ch=33&commit=Convert" for 127.0.0.1 at 2022-12-09 19:08:52 +0300
Processing by NumFinderController#output as HTML
  Parameters: {"ch"=>"33", "commit"=>"Convert"}
  Rendering layout layouts/application.html.erb
  Rendering num_finder/output.html.erb within layouts/application
  Rendered num_finder/output.html.erb within layouts/application (Duration: 57.3ms | Allocations: 271)
  Rendered layout layouts/application.html.erb (Duration: 66.4ms | Allocations: 2642)
Completed 200 OK in 69ms (Views: 67.7ms | ActiveRecord: 0.0ms | Allocations: 3050)


Started GET "/num_finder/input" for 127.0.0.1 at 2022-12-09 19:08:54 +0300
Processing by NumFinderController#input as HTML
  Rendering layout layouts/application.html.erb
  Rendering num_finder/input.html.erb within layouts/application
  Rendered num_finder/input.html.erb within layouts/application (Duration: 0.9ms | Allocations: 227)
  Rendered layout layouts/application.html.erb (Duration: 11.1ms | Allocations: 2577)
Completed 200 OK in 14ms (Views: 12.6ms | ActiveRecord: 0.0ms | Allocations: 2835)


Started GET "/" for 127.0.0.1 at 2022-12-18 20:35:45 +0300
Started GET "/num_finder/input" for 127.0.0.1 at 2022-12-18 20:35:45 +0300
  
ActionController::RoutingError (No route matches [GET] "/num_finder/input"):
  
Started GET "/num_finder/input" for 127.0.0.1 at 2022-12-18 20:36:26 +0300
  
ActionController::RoutingError (No route matches [GET] "/num_finder/input"):
  
Started GET "/" for 127.0.0.1 at 2022-12-18 20:36:32 +0300
Started GET "/numfinder/input" for 127.0.0.1 at 2022-12-18 20:36:33 +0300
Processing by NumfinderController#input as HTML
  Rendering layout layouts/application.html.erb
  Rendering numfinder/input.html.erb within layouts/application
  Rendered numfinder/input.html.erb within layouts/application (Duration: 2.6ms | Allocations: 517)
  Rendered layout layouts/application.html.erb (Duration: 638.8ms | Allocations: 91734)
Completed 200 OK in 649ms (Views: 640.9ms | Allocations: 94160)


Started GET "/numfinder/output?ch=21&commit=Convert" for 127.0.0.1 at 2022-12-18 20:36:36 +0300
Processing by NumfinderController#output as HTML
  Parameters: {"ch"=>"21", "commit"=>"Convert"}
  Rendering layout layouts/application.html.erb
  Rendering numfinder/output.html.erb within layouts/application
  Rendered numfinder/output.html.erb within layouts/application (Duration: 0.7ms | Allocations: 275)
  Rendered layout layouts/application.html.erb (Duration: 9.0ms | Allocations: 2828)
Completed 200 OK in 11ms (Views: 9.8ms | Allocations: 3184)


Started GET "/numfinder/input" for 127.0.0.1 at 2022-12-18 20:36:36 +0300
Processing by NumfinderController#input as HTML
  Rendering layout layouts/application.html.erb
  Rendering numfinder/input.html.erb within layouts/application
  Rendered numfinder/input.html.erb within layouts/application (Duration: 0.4ms | Allocations: 227)
  Rendered layout layouts/application.html.erb (Duration: 7.4ms | Allocations: 2766)
Completed 200 OK in 8ms (Views: 8.0ms | Allocations: 3018)


Started GET "/numfinder/output?ch=&commit=Convert" for 127.0.0.1 at 2022-12-18 20:36:37 +0300
Processing by NumfinderController#output as HTML
  Parameters: {"ch"=>"", "commit"=>"Convert"}
  Rendering layout layouts/application.html.erb
  Rendering numfinder/output.html.erb within layouts/application
  Rendered numfinder/output.html.erb within layouts/application (Duration: 0.4ms | Allocations: 82)
  Rendered layout layouts/application.html.erb (Duration: 4.6ms | Allocations: 2598)
Completed 200 OK in 6ms (Views: 5.2ms | Allocations: 2869)


Started GET "/numfinder/input" for 127.0.0.1 at 2022-12-18 20:36:38 +0300
Processing by NumfinderController#input as HTML
  Rendering layout layouts/application.html.erb
  Rendering numfinder/input.html.erb within layouts/application
  Rendered numfinder/input.html.erb within layouts/application (Duration: 0.3ms | Allocations: 227)
  Rendered layout layouts/application.html.erb (Duration: 6.3ms | Allocations: 2752)
Completed 200 OK in 8ms (Views: 7.1ms | Allocations: 3008)


